<?xml version="1.0" encoding="UTF-8"?>
<!-- Generated by org.testng.reporters.JUnitReportReporter -->
<testsuite hostname="Abhijit-PC" name="com.walmart.TicketServiceTest" tests="3" failures="0" timestamp="23 Nov 2015 07:26:45 GMT" time="32.087" errors="0">
  <testcase name="testNumSeatsAvailable" time="0.070" classname="com.walmart.TicketServiceTest"/>
  <testcase name="testFindAndHoldSeats" time="31.962" classname="com.walmart.TicketServiceTest"/>
  <testcase name="testReserveSeats" time="0.055" classname="com.walmart.TicketServiceTest"/>
</testsuite> <!-- com.walmart.TicketServiceTest -->
